<?xml version="1.0" encoding="UTF-8"?>
<!-- Generated by org.testng.reporters.JUnitXMLReporter -->
<testsuite ignored="0" hostname="DESKTOP-2G50FIL" failures="2" tests="2" name="Default test(failed)" time="125.289" errors="0" timestamp="2024-03-19T12:51:00 IST">
  <testcase classname="testCases.GoogleSearchTestPage" name="TestCase1" time="22.481">
    <failure type="java.lang.AssertionError" message="expected [Google1] but found [Google]">
      <![CDATA[java.lang.AssertionError: expected [Google1] but found [Google]
at testCases.GoogleSearchTestPage.TestCase1(GoogleSearchTestPage.java:50)
at java.base/java.util.ArrayList.forEach(ArrayList.java:1511)
... Removed 33 stack frames]]>
    </failure>
  </testcase> <!-- TestCase1 -->
  <testcase classname="testCases.GoogleSearchTestPage" name="TestCase1" time="19.951">
    <failure type="java.lang.AssertionError" message="expected [Google1] but found [Google]">
      <![CDATA[java.lang.AssertionError: expected [Google1] but found [Google]
at testCases.GoogleSearchTestPage.TestCase1(GoogleSearchTestPage.java:50)
at java.base/java.util.ArrayList.forEach(ArrayList.java:1511)
... Removed 33 stack frames]]>
    </failure>
  </testcase> <!-- TestCase1 -->
</testsuite> <!-- Default test(failed) -->
