<?xml version="1.0" encoding="UTF-8"?>
<testng-results ignored="0" total="1" passed="1" failed="0" skipped="0">
  <reporter-output>
  </reporter-output>
  <suite started-at="2024-03-15T12:11:53 IST" name="Suite" finished-at="2024-03-15T12:13:35 IST" duration-ms="101303">
    <groups>
    </groups>
    <test started-at="2024-03-15T12:11:53 IST" name="ChromeTest" finished-at="2024-03-15T12:13:35 IST" duration-ms="101303">
      <class name="testCases.Checkboxtest">
        <test-method is-config="true" signature="setup(java.lang.String,java.lang.String)[pri:0, instance:testCases.Checkboxtest@77888435]" started-at="2024-03-15T12:11:54 IST" name="setup" finished-at="2024-03-15T12:12:54 IST" duration-ms="60618" status="PASS">
          <params>
            <param index="0">
              <value>
                <![CDATA[chrome]]>
              </value>
            </param>
            <param index="1">
              <value>
                <![CDATA[testing]]>
              </value>
            </param>
          </params>
          <reporter-output>
          </reporter-output>
        </test-method> <!-- setup -->
        <test-method signature="testcase1()[pri:0, instance:testCases.Checkboxtest@77888435]" started-at="2024-03-15T12:12:56 IST" name="testcase1" finished-at="2024-03-15T12:13:22 IST" duration-ms="26593" status="PASS">
          <reporter-output>
          </reporter-output>
        </test-method> <!-- testcase1 -->
        <test-method is-config="true" signature="screenshottest()[pri:0, instance:testCases.Checkboxtest@77888435]" started-at="2024-03-15T12:13:23 IST" name="screenshottest" finished-at="2024-03-15T12:13:23 IST" duration-ms="6" status="PASS">
          <reporter-output>
          </reporter-output>
        </test-method> <!-- screenshottest -->
        <test-method is-config="true" signature="tearDown()[pri:0, instance:testCases.Checkboxtest@77888435]" started-at="2024-03-15T12:13:23 IST" name="tearDown" finished-at="2024-03-15T12:13:35 IST" duration-ms="12045" status="PASS">
          <reporter-output>
          </reporter-output>
        </test-method> <!-- tearDown -->
      </class> <!-- testCases.Checkboxtest -->
    </test> <!-- ChromeTest -->
  </suite> <!-- Suite -->
</testng-results>
