<?xml version="1.0" encoding="UTF-8"?>
<testng-results ignored="0" total="1" passed="1" failed="0" skipped="0">
  <reporter-output>
  </reporter-output>
  <suite started-at="2024-03-20T10:49:16 IST" name="Default suite" finished-at="2024-03-20T10:50:10 IST" duration-ms="54307">
    <groups>
    </groups>
    <test started-at="2024-03-20T10:49:16 IST" name="Default test" finished-at="2024-03-20T10:50:10 IST" duration-ms="54307">
      <class name="testCases.RemoteTest">
        <test-method signature="remoteTest()[pri:0, instance:testCases.RemoteTest@6adbc9d]" started-at="2024-03-20T10:49:18 IST" name="remoteTest" finished-at="2024-03-20T10:50:10 IST" duration-ms="52777" status="PASS">
          <reporter-output>
          </reporter-output>
        </test-method> <!-- remoteTest -->
      </class> <!-- testCases.RemoteTest -->
    </test> <!-- Default test -->
  </suite> <!-- Default suite -->
</testng-results>
