<?xml version="1.0" encoding="UTF-8"?>
<testng-results ignored="0" total="1" passed="1" failed="0" skipped="0">
  <reporter-output>
  </reporter-output>
  <suite started-at="2024-03-21T09:20:47 IST" name="Default suite" finished-at="2024-03-21T09:21:37 IST" duration-ms="49777">
    <groups>
    </groups>
    <test started-at="2024-03-21T09:20:47 IST" name="Default test" finished-at="2024-03-21T09:21:37 IST" duration-ms="49777">
      <class name="testCases.RemoteTest">
        <test-method signature="remoteTest()[pri:0, instance:testCases.RemoteTest@6adbc9d]" started-at="2024-03-21T09:20:48 IST" name="remoteTest" finished-at="2024-03-21T09:21:37 IST" duration-ms="48710" status="PASS">
          <reporter-output>
          </reporter-output>
        </test-method> <!-- remoteTest -->
      </class> <!-- testCases.RemoteTest -->
    </test> <!-- Default test -->
  </suite> <!-- Default suite -->
</testng-results>
