<?xml version="1.0" encoding="UTF-8"?>
<testng-results ignored="0" total="2" passed="2" failed="0" skipped="0">
  <reporter-output>
  </reporter-output>
  <suite started-at="2024-03-19T12:25:13 IST" name="Default suite" finished-at="2024-03-19T12:27:14 IST" duration-ms="121500">
    <groups>
    </groups>
    <test started-at="2024-03-19T12:25:13 IST" name="Default test" finished-at="2024-03-19T12:27:14 IST" duration-ms="121500">
      <class name="testCases.GoogleSearchTestPage">
        <test-method is-config="true" signature="Setup()[pri:0, instance:testCases.GoogleSearchTestPage@639c2c1d]" started-at="2024-03-19T12:25:13 IST" name="Setup" finished-at="2024-03-19T12:25:47 IST" duration-ms="34495" status="PASS">
          <reporter-output>
          </reporter-output>
        </test-method> <!-- Setup -->
        <test-method signature="TestCase1(java.lang.String)[pri:0, instance:testCases.GoogleSearchTestPage@639c2c1d]" started-at="2024-03-19T12:25:59 IST" name="TestCase1" data-provider="test1" finished-at="2024-03-19T12:26:27 IST" duration-ms="27712" status="PASS">
          <params>
            <param index="0">
              <value>
                <![CDATA[TestNg]]>
              </value>
            </param>
          </params>
          <reporter-output>
          </reporter-output>
        </test-method> <!-- TestCase1 -->
        <test-method signature="TestCase1(java.lang.String)[pri:0, instance:testCases.GoogleSearchTestPage@639c2c1d]" started-at="2024-03-19T12:26:27 IST" name="TestCase1" data-provider="test1" finished-at="2024-03-19T12:27:04 IST" duration-ms="36739" status="PASS">
          <params>
            <param index="0">
              <value>
                <![CDATA[Selenium]]>
              </value>
            </param>
          </params>
          <reporter-output>
          </reporter-output>
        </test-method> <!-- TestCase1 -->
        <test-method is-config="true" signature="tearDown()[pri:0, instance:testCases.GoogleSearchTestPage@639c2c1d]" started-at="2024-03-19T12:27:04 IST" name="tearDown" finished-at="2024-03-19T12:27:14 IST" duration-ms="10190" status="PASS">
          <reporter-output>
          </reporter-output>
        </test-method> <!-- tearDown -->
      </class> <!-- testCases.GoogleSearchTestPage -->
    </test> <!-- Default test -->
  </suite> <!-- Default suite -->
</testng-results>
