<?xml version="1.0" encoding="UTF-8"?>
<testng-results ignored="0" total="1" passed="1" failed="0" skipped="0">
  <reporter-output>
  </reporter-output>
  <suite started-at="2024-03-22T11:14:40 IST" name="Default suite" finished-at="2024-03-22T11:16:51 IST" duration-ms="131113">
    <groups>
      <group name="cucumber">
        <method signature="AbstractTestNGCucumberTests.runScenario(io.cucumber.testng.PickleWrapper,io.cucumber.testng.FeatureWrapper)[pri:0, instance:runners.GoogleSearhRunner@26794848]" name="runScenario" class="io.cucumber.testng.AbstractTestNGCucumberTests"/>
      </group> <!-- cucumber -->
    </groups>
    <test started-at="2024-03-22T11:14:40 IST" name="Default test" finished-at="2024-03-22T11:16:51 IST" duration-ms="131113">
      <class name="runners.GoogleSearhRunner">
        <test-method is-config="true" signature="setUpClass(org.testng.ITestContext)[pri:0, instance:runners.GoogleSearhRunner@26794848]" started-at="2024-03-22T11:14:40 IST" name="setUpClass" finished-at="2024-03-22T11:14:50 IST" duration-ms="9977" status="PASS">
          <params>
            <param index="0">
              <value>
                <![CDATA[org.testng.TestRunner@360bc645]]>
              </value>
            </param>
          </params>
          <reporter-output>
          </reporter-output>
        </test-method> <!-- setUpClass -->
        <test-method signature="runScenario(io.cucumber.testng.PickleWrapper,io.cucumber.testng.FeatureWrapper)[pri:0, instance:runners.GoogleSearhRunner@26794848]" started-at="2024-03-22T11:14:50 IST" name="runScenario" description="Runs Cucumber Scenarios" data-provider="scenarios" finished-at="2024-03-22T11:16:47 IST" duration-ms="116972" status="PASS">
          <params>
            <param index="0">
              <value>
                <![CDATA["Searching on Google with DataTable as Map"]]>
              </value>
            </param>
            <param index="1">
              <value>
                <![CDATA["Google Search"]]>
              </value>
            </param>
          </params>
          <reporter-output>
          </reporter-output>
        </test-method> <!-- runScenario -->
        <test-method is-config="true" signature="tearDownClass()[pri:0, instance:runners.GoogleSearhRunner@26794848]" started-at="2024-03-22T11:16:47 IST" name="tearDownClass" finished-at="2024-03-22T11:16:51 IST" duration-ms="3511" status="PASS">
          <reporter-output>
          </reporter-output>
        </test-method> <!-- tearDownClass -->
      </class> <!-- runners.GoogleSearhRunner -->
    </test> <!-- Default test -->
  </suite> <!-- Default suite -->
</testng-results>
