<?xml version="1.0" encoding="UTF-8"?>
<testng-results ignored="0" total="1" passed="1" failed="0" skipped="0">
  <reporter-output>
  </reporter-output>
  <suite started-at="2024-03-21T11:16:11 IST" name="Default suite" finished-at="2024-03-21T11:17:12 IST" duration-ms="60823">
    <groups>
      <group name="cucumber">
        <method signature="AbstractTestNGCucumberTests.runScenario(io.cucumber.testng.PickleWrapper,io.cucumber.testng.FeatureWrapper)[pri:0, instance:runners.UserAuthTest@10683d9d]" name="runScenario" class="io.cucumber.testng.AbstractTestNGCucumberTests"/>
      </group> <!-- cucumber -->
    </groups>
    <test started-at="2024-03-21T11:16:11 IST" name="Default test" finished-at="2024-03-21T11:17:12 IST" duration-ms="60823">
      <class name="runners.UserAuthTest">
        <test-method is-config="true" signature="setUpClass(org.testng.ITestContext)[pri:0, instance:runners.UserAuthTest@10683d9d]" started-at="2024-03-21T11:16:12 IST" name="setUpClass" finished-at="2024-03-21T11:16:15 IST" duration-ms="3196" status="PASS">
          <params>
            <param index="0">
              <value>
                <![CDATA[org.testng.TestRunner@3c2772d1]]>
              </value>
            </param>
          </params>
          <reporter-output>
          </reporter-output>
        </test-method> <!-- setUpClass -->
        <test-method signature="runScenario(io.cucumber.testng.PickleWrapper,io.cucumber.testng.FeatureWrapper)[pri:0, instance:runners.UserAuthTest@10683d9d]" started-at="2024-03-21T11:16:15 IST" name="runScenario" description="Runs Cucumber Scenarios" data-provider="scenarios" finished-at="2024-03-21T11:17:12 IST" duration-ms="56756" status="PASS">
          <params>
            <param index="0">
              <value>
                <![CDATA["Valid User Login"]]>
              </value>
            </param>
            <param index="1">
              <value>
                <![CDATA["User Authentication"]]>
              </value>
            </param>
          </params>
          <reporter-output>
          </reporter-output>
        </test-method> <!-- runScenario -->
        <test-method is-config="true" signature="tearDownClass()[pri:0, instance:runners.UserAuthTest@10683d9d]" started-at="2024-03-21T11:17:12 IST" name="tearDownClass" finished-at="2024-03-21T11:17:12 IST" duration-ms="19" status="PASS">
          <reporter-output>
          </reporter-output>
        </test-method> <!-- tearDownClass -->
      </class> <!-- runners.UserAuthTest -->
    </test> <!-- Default test -->
  </suite> <!-- Default suite -->
</testng-results>
