<?xml version="1.0" encoding="UTF-8"?>
<testng-results ignored="0" total="1" passed="1" failed="0" skipped="0">
  <reporter-output>
  </reporter-output>
  <suite started-at="2024-03-22T09:13:22 IST" name="Suite" finished-at="2024-03-22T09:15:10 IST" duration-ms="108820">
    <groups>
      <group name="cucumber">
        <method signature="AbstractTestNGCucumberTests.runScenario(io.cucumber.testng.PickleWrapper,io.cucumber.testng.FeatureWrapper)[pri:0, instance:runners.UserAuthTest@26794848]" name="runScenario" class="io.cucumber.testng.AbstractTestNGCucumberTests"/>
      </group> <!-- cucumber -->
    </groups>
    <test started-at="2024-03-22T09:13:22 IST" name="Test" finished-at="2024-03-22T09:15:10 IST" duration-ms="108820">
      <class name="runners.UserAuthTest">
        <test-method is-config="true" signature="setUpClass(org.testng.ITestContext)[pri:0, instance:runners.UserAuthTest@26794848]" started-at="2024-03-22T09:13:23 IST" name="setUpClass" finished-at="2024-03-22T09:13:39 IST" duration-ms="16201" status="PASS">
          <params>
            <param index="0">
              <value>
                <![CDATA[org.testng.TestRunner@52ea0269]]>
              </value>
            </param>
          </params>
          <reporter-output>
          </reporter-output>
        </test-method> <!-- setUpClass -->
        <test-method signature="runScenario(io.cucumber.testng.PickleWrapper,io.cucumber.testng.FeatureWrapper)[pri:0, instance:runners.UserAuthTest@26794848]" started-at="2024-03-22T09:13:39 IST" name="runScenario" description="Runs Cucumber Scenarios" data-provider="scenarios" finished-at="2024-03-22T09:14:55 IST" duration-ms="76318" status="PASS">
          <params>
            <param index="0">
              <value>
                <![CDATA["Valid User Login"]]>
              </value>
            </param>
            <param index="1">
              <value>
                <![CDATA["User Authentication"]]>
              </value>
            </param>
          </params>
          <reporter-output>
          </reporter-output>
        </test-method> <!-- runScenario -->
        <test-method is-config="true" signature="tearDownClass()[pri:0, instance:runners.UserAuthTest@26794848]" started-at="2024-03-22T09:14:55 IST" name="tearDownClass" finished-at="2024-03-22T09:15:10 IST" duration-ms="15076" status="PASS">
          <reporter-output>
          </reporter-output>
        </test-method> <!-- tearDownClass -->
      </class> <!-- runners.UserAuthTest -->
    </test> <!-- Test -->
  </suite> <!-- Suite -->
</testng-results>
