<?xml version="1.0" encoding="UTF-8"?>
<testng-results ignored="0" total="2" passed="2" failed="0" skipped="0">
  <reporter-output>
  </reporter-output>
  <suite started-at="2024-03-14T13:00:43 IST" name="Suite" finished-at="2024-03-14T13:03:12 IST" duration-ms="148475">
    <groups>
    </groups>
    <test started-at="2024-03-14T13:00:43 IST" name="ChromeTest" finished-at="2024-03-14T13:01:32 IST" duration-ms="49138">
      <class name="testCases.Checkboxtest">
        <test-method is-config="true" signature="setup(java.lang.String,java.lang.String)[pri:0, instance:testCases.Checkboxtest@7b2bbc3]" started-at="2024-03-14T13:00:43 IST" name="setup" finished-at="2024-03-14T13:01:12 IST" duration-ms="29126" status="PASS">
          <params>
            <param index="0">
              <value>
                <![CDATA[chrome]]>
              </value>
            </param>
            <param index="1">
              <value>
                <![CDATA[testing]]>
              </value>
            </param>
          </params>
          <reporter-output>
          </reporter-output>
        </test-method> <!-- setup -->
        <test-method signature="testcase1()[pri:0, instance:testCases.Checkboxtest@7b2bbc3]" started-at="2024-03-14T13:01:13 IST" name="testcase1" finished-at="2024-03-14T13:01:25 IST" duration-ms="12079" status="PASS">
          <reporter-output>
          </reporter-output>
        </test-method> <!-- testcase1 -->
        <test-method is-config="true" signature="screenshottest()[pri:0, instance:testCases.Checkboxtest@7b2bbc3]" started-at="2024-03-14T13:01:25 IST" name="screenshottest" finished-at="2024-03-14T13:01:28 IST" duration-ms="2196" status="PASS">
          <reporter-output>
          </reporter-output>
        </test-method> <!-- screenshottest -->
        <test-method is-config="true" signature="tearDown()[pri:0, instance:testCases.Checkboxtest@7b2bbc3]" started-at="2024-03-14T13:01:28 IST" name="tearDown" finished-at="2024-03-14T13:01:32 IST" duration-ms="4631" status="PASS">
          <reporter-output>
          </reporter-output>
        </test-method> <!-- tearDown -->
      </class> <!-- testCases.Checkboxtest -->
    </test> <!-- ChromeTest -->
    <test started-at="2024-03-14T13:01:33 IST" name="FirefoxTest" finished-at="2024-03-14T13:03:12 IST" duration-ms="98938">
      <class name="testCases.Checkboxtest">
        <test-method is-config="true" signature="setup(java.lang.String,java.lang.String)[pri:0, instance:testCases.Checkboxtest@4c402120]" started-at="2024-03-14T13:01:33 IST" name="setup" finished-at="2024-03-14T13:02:08 IST" duration-ms="35773" status="PASS">
          <params>
            <param index="0">
              <value>
                <![CDATA[firefox]]>
              </value>
            </param>
            <param index="1">
              <value>
                <![CDATA[testing]]>
              </value>
            </param>
          </params>
          <reporter-output>
          </reporter-output>
        </test-method> <!-- setup -->
        <test-method signature="testcase1()[pri:0, instance:testCases.Checkboxtest@4c402120]" started-at="2024-03-14T13:02:08 IST" name="testcase1" finished-at="2024-03-14T13:02:35 IST" duration-ms="26209" status="PASS">
          <reporter-output>
          </reporter-output>
        </test-method> <!-- testcase1 -->
        <test-method is-config="true" signature="screenshottest()[pri:0, instance:testCases.Checkboxtest@4c402120]" started-at="2024-03-14T13:02:35 IST" name="screenshottest" finished-at="2024-03-14T13:02:38 IST" duration-ms="3572" status="PASS">
          <reporter-output>
          </reporter-output>
        </test-method> <!-- screenshottest -->
        <test-method is-config="true" signature="tearDown()[pri:0, instance:testCases.Checkboxtest@4c402120]" started-at="2024-03-14T13:02:39 IST" name="tearDown" finished-at="2024-03-14T13:03:12 IST" duration-ms="33138" status="PASS">
          <reporter-output>
          </reporter-output>
        </test-method> <!-- tearDown -->
      </class> <!-- testCases.Checkboxtest -->
    </test> <!-- FirefoxTest -->
  </suite> <!-- Suite -->
</testng-results>
