<?xml version="1.0" encoding="UTF-8"?>
<testng-results ignored="0" total="1" passed="0" failed="1" skipped="0">
  <reporter-output>
  </reporter-output>
  <suite started-at="2024-03-22T09:39:22 IST" name="Default suite" finished-at="2024-03-22T09:41:17 IST" duration-ms="114535">
    <groups>
      <group name="cucumber">
        <method signature="AbstractTestNGCucumberTests.runScenario(io.cucumber.testng.PickleWrapper,io.cucumber.testng.FeatureWrapper)[pri:0, instance:runners.GoogleSearhRunner@302552ec]" name="runScenario" class="io.cucumber.testng.AbstractTestNGCucumberTests"/>
      </group> <!-- cucumber -->
    </groups>
    <test started-at="2024-03-22T09:39:22 IST" name="Default test" finished-at="2024-03-22T09:41:17 IST" duration-ms="114535">
      <class name="runners.GoogleSearhRunner">
        <test-method is-config="true" signature="setUpClass(org.testng.ITestContext)[pri:0, instance:runners.GoogleSearhRunner@302552ec]" started-at="2024-03-22T09:39:23 IST" name="setUpClass" finished-at="2024-03-22T09:39:36 IST" duration-ms="13486" status="PASS">
          <params>
            <param index="0">
              <value>
                <![CDATA[org.testng.TestRunner@1f3165e7]]>
              </value>
            </param>
          </params>
          <reporter-output>
          </reporter-output>
        </test-method> <!-- setUpClass -->
        <test-method signature="runScenario(io.cucumber.testng.PickleWrapper,io.cucumber.testng.FeatureWrapper)[pri:0, instance:runners.GoogleSearhRunner@302552ec]" started-at="2024-03-22T09:39:36 IST" name="runScenario" description="Runs Cucumber Scenarios" data-provider="scenarios" finished-at="2024-03-22T09:41:04 IST" duration-ms="87428" status="FAIL">
          <params>
            <param index="0">
              <value>
                <![CDATA["Searching on Google with Parameterization"]]>
              </value>
            </param>
            <param index="1">
              <value>
                <![CDATA["Google Search"]]>
              </value>
            </param>
          </params>
          <exception class="java.lang.AssertionError">
            <message>
              <![CDATA[expected [Selenium] but found [Selenium - Google Search]]]>
            </message>
            <full-stacktrace>
              <![CDATA[java.lang.AssertionError: expected [Selenium] but found [Selenium - Google Search]
at org.testng.Assert.fail(Assert.java:111)
at org.testng.Assert.failNotEquals(Assert.java:1578)
at org.testng.Assert.assertEqualsImpl(Assert.java:150)
at org.testng.Assert.assertEquals(Assert.java:132)
at org.testng.Assert.assertEquals(Assert.java:656)
at org.testng.Assert.assertEquals(Assert.java:666)
at stepDefs.GoogleSearch.i_should_see_search_results_for(GoogleSearch.java:33)
at ✽.I should see search results for "Selenium"(file:///C:/Users/Venkatesh/git/seleniumTest/Seleniumtest/src/test/resources/Features/GoogleSearch.feature:9)
]]>
            </full-stacktrace>
          </exception> <!-- java.lang.AssertionError -->
          <reporter-output>
          </reporter-output>
        </test-method> <!-- runScenario -->
        <test-method is-config="true" signature="tearDownClass()[pri:0, instance:runners.GoogleSearhRunner@302552ec]" started-at="2024-03-22T09:41:04 IST" name="tearDownClass" finished-at="2024-03-22T09:41:17 IST" duration-ms="12596" status="PASS">
          <reporter-output>
          </reporter-output>
        </test-method> <!-- tearDownClass -->
      </class> <!-- runners.GoogleSearhRunner -->
    </test> <!-- Default test -->
  </suite> <!-- Default suite -->
</testng-results>
